0 info it worked if it ends with ok
1 verbose cli [ '/usr/local/bin/node', '/usr/local/bin/npm', 'run', 'test' ]
2 info using npm@3.10.8
3 info using node@v6.9.1
4 verbose run-script [ 'pretest', 'test', 'posttest' ]
5 info lifecycle meteorBattle@~pretest: meteorBattle@
6 silly lifecycle meteorBattle@~pretest: no script for pretest, continuing
7 info lifecycle meteorBattle@~test: meteorBattle@
8 verbose lifecycle meteorBattle@~test: unsafe-perm in lifecycle true
9 verbose lifecycle meteorBattle@~test: PATH: /usr/local/lib/node_modules/npm/bin/node-gyp-bin:/Users/michael/googledrive/makers/wk9/meteorBattle/node_modules/.bin:/Users/michael/.rvm/gems/ruby-2.3.1/bin:/Users/michael/.rvm/gems/ruby-2.3.1@global/bin:/Users/michael/.rvm/rubies/ruby-2.3.1/bin:/usr/local/bin:/usr/bin:/bin:/usr/sbin:/sbin:/Users/michael/.rvm/bin
10 verbose lifecycle meteorBattle@~test: CWD: /Users/michael/googledrive/makers/wk9/meteorBattle
11 silly lifecycle meteorBattle@~test: Args: [ '-c',
11 silly lifecycle   'CUCUMBER_BROWSERS=2 chimp --ddp=http://localhost:3000 --mocha' ]
12 silly lifecycle meteorBattle@~test: Returned: code: 2  signal: null
13 info lifecycle meteorBattle@~test: Failed to exec test script
14 verbose stack Error: meteorBattle@ test: `CUCUMBER_BROWSERS=2 chimp --ddp=http://localhost:3000 --mocha`
14 verbose stack Exit status 2
14 verbose stack     at EventEmitter.<anonymous> (/usr/local/lib/node_modules/npm/lib/utils/lifecycle.js:255:16)
14 verbose stack     at emitTwo (events.js:106:13)
14 verbose stack     at EventEmitter.emit (events.js:191:7)
14 verbose stack     at ChildProcess.<anonymous> (/usr/local/lib/node_modules/npm/lib/utils/spawn.js:40:14)
14 verbose stack     at emitTwo (events.js:106:13)
14 verbose stack     at ChildProcess.emit (events.js:191:7)
14 verbose stack     at maybeClose (internal/child_process.js:877:16)
14 verbose stack     at Process.ChildProcess._handle.onexit (internal/child_process.js:226:5)
15 verbose pkgid meteorBattle@
16 verbose cwd /Users/michael/googledrive/makers/wk9/meteorBattle
17 error Darwin 15.6.0
18 error argv "/usr/local/bin/node" "/usr/local/bin/npm" "run" "test"
19 error node v6.9.1
20 error npm  v3.10.8
21 error code ELIFECYCLE
22 error meteorBattle@ test: `CUCUMBER_BROWSERS=2 chimp --ddp=http://localhost:3000 --mocha`
22 error Exit status 2
23 error Failed at the meteorBattle@ test script 'CUCUMBER_BROWSERS=2 chimp --ddp=http://localhost:3000 --mocha'.
23 error Make sure you have the latest version of node.js and npm installed.
23 error If you do, this is most likely a problem with the meteorBattle package,
23 error not with npm itself.
23 error Tell the author that this fails on your system:
23 error     CUCUMBER_BROWSERS=2 chimp --ddp=http://localhost:3000 --mocha
23 error You can get information on how to open an issue for this project with:
23 error     npm bugs meteorBattle
23 error Or if that isn't available, you can get their info via:
23 error     npm owner ls meteorBattle
23 error There is likely additional logging output above.
24 verbose exit [ 1, true ]
